<?xml version="1.0" encoding="UTF-8"?>
<testng-results ignored="0" total="2" passed="2" failed="0" skipped="0">
  <reporter-output>
  </reporter-output>
  <suite started-at="2026-04-20T18:07:02 IST" name="Suite" finished-at="2026-04-20T18:07:23 IST" duration-ms="20716">
    <groups>
    </groups>
    <test started-at="2026-04-20T18:07:02 IST" name="Test" finished-at="2026-04-20T18:07:23 IST" duration-ms="20716">
      <class name="com.hiwi.exim.tests.LoginTest">
        <test-method is-config="true" signature="launchBrowser()[pri:0, instance:com.hiwi.exim.tests.LoginTest@248e319b]" started-at="2026-04-20T18:07:02 IST" name="launchBrowser" finished-at="2026-04-20T18:07:08 IST" duration-ms="5509" status="PASS">
          <reporter-output>
          </reporter-output>
        </test-method> <!-- launchBrowser -->
        <test-method signature="adminLogin()[pri:0, instance:com.hiwi.exim.tests.LoginTest@248e319b]" started-at="2026-04-20T18:07:08 IST" name="adminLogin" finished-at="2026-04-20T18:07:09 IST" duration-ms="1348" status="PASS">
          <reporter-output>
          </reporter-output>
        </test-method> <!-- adminLogin -->
      </class> <!-- com.hiwi.exim.tests.LoginTest -->
      <class name="com.hiwi.exim.tests.AdminAddUser">
        <test-method is-config="true" signature="launchBrowser()[pri:0, instance:com.hiwi.exim.tests.AdminAddUser@606e4010]" started-at="2026-04-20T18:07:09 IST" name="launchBrowser" finished-at="2026-04-20T18:07:14 IST" duration-ms="4439" status="PASS">
          <reporter-output>
          </reporter-output>
        </test-method> <!-- launchBrowser -->
        <test-method signature="addGoodsExporter()[pri:0, instance:com.hiwi.exim.tests.AdminAddUser@606e4010]" started-at="2026-04-20T18:07:14 IST" name="addGoodsExporter" finished-at="2026-04-20T18:07:23 IST" duration-ms="8724" status="PASS">
          <reporter-output>
          </reporter-output>
        </test-method> <!-- addGoodsExporter -->
      </class> <!-- com.hiwi.exim.tests.AdminAddUser -->
    </test> <!-- Test -->
  </suite> <!-- Suite -->
</testng-results>
